<?xml version="1.0" encoding="UTF-8"?>
<testng-results skipped="0" failed="0" total="1" passed="1">
  <reporter-output>
  </reporter-output>
  <suite name="Ant suite" duration-ms="18" started-at="2013-06-25T16:53:43Z" finished-at="2013-06-25T16:53:43Z">
    <groups>
      <group name="fast">
        <method signature="ParticleReaderTest.aFastTest()[pri:0, instance:core.ParticleReaderTest@1f2eb71e]" name="aFastTest" class="core.ParticleReaderTest"/>
      </group> <!-- fast -->
    </groups>
    <test name="Ant test" duration-ms="18" started-at="2013-06-25T16:53:43Z" finished-at="2013-06-25T16:53:43Z">
      <class name="core.ParticleReaderTest">
        <test-method status="PASS" signature="setUp()[pri:0, instance:core.ParticleReaderTest@1f2eb71e]" name="setUp" is-config="true" duration-ms="9" started-at="2013-06-25T17:53:43Z" finished-at="2013-06-25T17:53:43Z">
          <reporter-output>
          </reporter-output>
        </test-method> <!-- setUp -->
        <test-method status="PASS" signature="aFastTest()[pri:0, instance:core.ParticleReaderTest@1f2eb71e]" name="aFastTest" duration-ms="1" started-at="2013-06-25T17:53:43Z" finished-at="2013-06-25T17:53:43Z">
          <reporter-output>
          </reporter-output>
        </test-method> <!-- aFastTest -->
      </class> <!-- core.ParticleReaderTest -->
    </test> <!-- Ant test -->
  </suite> <!-- Ant suite -->
</testng-results>
