<?xml version="1.0" encoding="UTF-8" ?>
<testsuite errors="1" failures="0" hostname="vaders-iMac-7.local" name="core.ParticleReaderTest" tests="1" time="0.0" timestamp="2013-06-25T08:22:21">
  <properties>
[...]
</properties>
  <error message="core.ParticleReaderTest" type="java.lang.ClassNotFoundException">java.lang.ClassNotFoundException: core.ParticleReaderTest
	at java.lang.ClassLoader.loadClass(ClassLoader.java:247)
	at java.lang.Class.forName0(Native Method)
	at java.lang.Class.forName(Class.java:249)
</error>
  <system-out><![CDATA[]]></system-out>
  <system-err><![CDATA[]]></system-err>
</testsuite>
